<?xml version="1.0" encoding="UTF-8"?>
<!-- Generated by org.testng.reporters.JUnitReportReporter -->
<testsuite skipped="0" hostname="INCHELAP7PWG4D3" name="com.api.qa.test.TC005_GET" tests="1" failures="0" timestamp="2022-04-26T20:18:52 IST" time="2.800" errors="0">
  <testcase name="getTC005" time="2.800" classname="com.api.qa.test.TC005_GET"/>
  <system-out/>
</testsuite> <!-- com.api.qa.test.TC005_GET -->
