<?xml version="1.0" encoding="UTF-8"?>
<!-- Generated by org.testng.reporters.JUnitReportReporter -->
<testsuite skipped="0" hostname="INCHELAP7PWG4D3" name="com.api.qa.test.TC002_POST" tests="1" failures="0" timestamp="2022-04-26T15:15:54 IST" time="3.476" errors="0">
  <testcase name="postTC001" time="3.476" classname="com.api.qa.test.TC002_POST"/>
  <system-out/>
</testsuite> <!-- com.api.qa.test.TC002_POST -->
