<?xml version="1.0" encoding="UTF-8"?>
<!-- Generated by org.testng.reporters.JUnitReportReporter -->
<testsuite skipped="0" hostname="INCHELAP7PWG4D3" name="com.api.qa.test.TC004_DELETE" tests="1" failures="0" timestamp="2022-04-26T15:42:07 IST" time="2.743" errors="0">
  <testcase name="deleteTC004" time="2.743" classname="com.api.qa.test.TC004_DELETE"/>
  <system-out/>
</testsuite> <!-- com.api.qa.test.TC004_DELETE -->
